{"C:\\Users\\maxi1\\Escritorio\\react_api_node_ts_server\\src\\router.ts": {"path":"C:\\Users\\maxi1\\Escritorio\\react_api_node_ts_server\\src\\router.ts","statementMap":{"0":{"start":{"line":1,"column":0},"end":{"line":1,"column":32}},"1":{"start":{"line":2,"column":0},"end":{"line":2,"column":132}},"2":{"start":{"line":3,"column":0},"end":{"line":3,"column":47}},"3":{"start":{"line":4,"column":0},"end":{"line":4,"column":48}},"4":{"start":{"line":6,"column":15},"end":{"line":6,"column":23}},"5":{"start":{"line":18,"column":0},"end":{"line":18,"column":null}},"6":{"start":{"line":20,"column":0},"end":{"line":23,"column":null}},"7":{"start":{"line":47,"column":0},"end":{"line":55,"column":null}},"8":{"start":{"line":52,"column":24},"end":{"line":52,"column":33}},"9":{"start":{"line":99,"column":0},"end":{"line":110,"column":null}},"10":{"start":{"line":105,"column":24},"end":{"line":105,"column":33}},"11":{"start":{"line":143,"column":0},"end":{"line":147,"column":null}},"12":{"start":{"line":170,"column":0},"end":{"line":174,"column":null}},"13":{"start":{"line":176,"column":0},"end":{"line":176,"column":null}}},"fnMap":{"0":{"name":"(anonymous_0)","decl":{"start":{"line":52,"column":16},"end":{"line":52,"column":21}},"loc":{"start":{"line":52,"column":24},"end":{"line":52,"column":33}}},"1":{"name":"(anonymous_1)","decl":{"start":{"line":105,"column":16},"end":{"line":105,"column":21}},"loc":{"start":{"line":105,"column":24},"end":{"line":105,"column":33}}}},"branchMap":{},"s":{"0":2,"1":2,"2":2,"3":2,"4":2,"5":2,"6":2,"7":2,"8":4,"9":2,"10":4,"11":2,"12":2,"13":2},"f":{"0":4,"1":4},"b":{}}
,"C:\\Users\\maxi1\\Escritorio\\react_api_node_ts_server\\src\\server.ts": {"path":"C:\\Users\\maxi1\\Escritorio\\react_api_node_ts_server\\src\\server.ts","statementMap":{"0":{"start":{"line":1,"column":0},"end":{"line":1,"column":29}},"1":{"start":{"line":2,"column":0},"end":{"line":2,"column":29}},"2":{"start":{"line":3,"column":0},"end":{"line":3,"column":28}},"3":{"start":{"line":4,"column":0},"end":{"line":4,"column":27}},"4":{"start":{"line":5,"column":0},"end":{"line":5,"column":53}},"5":{"start":{"line":9,"column":4},"end":{"line":16,"column":5}},"6":{"start":{"line":10,"column":8},"end":{"line":10,"column":null}},"7":{"start":{"line":11,"column":8},"end":{"line":11,"column":null}},"8":{"start":{"line":14,"column":8},"end":{"line":14,"column":null}},"9":{"start":{"line":15,"column":8},"end":{"line":15,"column":null}},"10":{"start":{"line":19,"column":0},"end":{"line":19,"column":null}},"11":{"start":{"line":22,"column":15},"end":{"line":22,"column":24}},"12":{"start":{"line":26,"column":0},"end":{"line":26,"column":null}},"13":{"start":{"line":28,"column":0},"end":{"line":28,"column":null}},"14":{"start":{"line":30,"column":0},"end":{"line":32,"column":null}},"15":{"start":{"line":31,"column":4},"end":{"line":31,"column":null}},"16":{"start":{"line":34,"column":0},"end":{"line":34,"column":21}},"17":{"start":{"line":36,"column":0},"end":{"line":36,"column":null}}},"fnMap":{"0":{"name":"connectDB","decl":{"start":{"line":7,"column":15},"end":{"line":7,"column":24}},"loc":{"start":{"line":7,"column":24},"end":{"line":17,"column":1}}},"1":{"name":"(anonymous_2)","decl":{"start":{"line":30,"column":19},"end":{"line":30,"column":20}},"loc":{"start":{"line":30,"column":31},"end":{"line":32,"column":1}}}},"branchMap":{},"s":{"0":2,"1":2,"2":2,"3":2,"4":2,"5":2,"6":2,"7":1,"8":0,"9":0,"10":2,"11":2,"12":2,"13":2,"14":2,"15":1,"16":2,"17":2},"f":{"0":2,"1":1},"b":{}}
,"C:\\Users\\maxi1\\Escritorio\\react_api_node_ts_server\\src\\config\\db.ts": {"path":"C:\\Users\\maxi1\\Escritorio\\react_api_node_ts_server\\src\\config\\db.ts","statementMap":{"0":{"start":{"line":1,"column":0},"end":{"line":1,"column":46}},"1":{"start":{"line":2,"column":0},"end":{"line":2,"column":27}},"2":{"start":{"line":6,"column":0},"end":{"line":6,"column":null}},"3":{"start":{"line":8,"column":11},"end":{"line":17,"column":2}},"4":{"start":{"line":20,"column":0},"end":{"line":20,"column":null}}},"fnMap":{},"branchMap":{},"s":{"0":2,"1":2,"2":2,"3":2,"4":2},"f":{},"b":{}}
,"C:\\Users\\maxi1\\Escritorio\\react_api_node_ts_server\\src\\handlers\\product.ts": {"path":"C:\\Users\\maxi1\\Escritorio\\react_api_node_ts_server\\src\\handlers\\product.ts","statementMap":{"0":{"start":{"line":2,"column":0},"end":{"line":2,"column":45}},"1":{"start":{"line":4,"column":29},"end":{"line":27,"column":1}},"2":{"start":{"line":18,"column":3},"end":{"line":23,"column":4}},"3":{"start":{"line":19,"column":24},"end":{"line":19,"column":54}},"4":{"start":{"line":20,"column":8},"end":{"line":20,"column":null}},"5":{"start":{"line":22,"column":8},"end":{"line":22,"column":null}},"6":{"start":{"line":4,"column":13},"end":{"line":4,"column":29}},"7":{"start":{"line":29,"column":27},"end":{"line":44,"column":1}},"8":{"start":{"line":31,"column":4},"end":{"line":42,"column":5}},"9":{"start":{"line":32,"column":25},"end":{"line":38,"column":10}},"10":{"start":{"line":39,"column":8},"end":{"line":39,"column":null}},"11":{"start":{"line":41,"column":8},"end":{"line":41,"column":null}},"12":{"start":{"line":29,"column":13},"end":{"line":29,"column":27}},"13":{"start":{"line":47,"column":30},"end":{"line":63,"column":1}},"14":{"start":{"line":49,"column":4},"end":{"line":61,"column":5}},"15":{"start":{"line":50,"column":22},"end":{"line":50,"column":32}},"16":{"start":{"line":51,"column":24},"end":{"line":51,"column":50}},"17":{"start":{"line":53,"column":8},"end":{"line":57,"column":9}},"18":{"start":{"line":54,"column":12},"end":{"line":56,"column":null}},"19":{"start":{"line":58,"column":8},"end":{"line":58,"column":null}},"20":{"start":{"line":60,"column":8},"end":{"line":60,"column":null}},"21":{"start":{"line":47,"column":13},"end":{"line":47,"column":30}},"22":{"start":{"line":67,"column":32},"end":{"line":86,"column":1}},"23":{"start":{"line":69,"column":18},"end":{"line":69,"column":28}},"24":{"start":{"line":70,"column":20},"end":{"line":70,"column":46}},"25":{"start":{"line":72,"column":4},"end":{"line":76,"column":5}},"26":{"start":{"line":73,"column":8},"end":{"line":75,"column":null}},"27":{"start":{"line":82,"column":4},"end":{"line":82,"column":35}},"28":{"start":{"line":83,"column":4},"end":{"line":83,"column":null}},"29":{"start":{"line":85,"column":4},"end":{"line":85,"column":null}},"30":{"start":{"line":67,"column":13},"end":{"line":67,"column":32}},"31":{"start":{"line":89,"column":34},"end":{"line":104,"column":1}},"32":{"start":{"line":90,"column":18},"end":{"line":90,"column":28}},"33":{"start":{"line":91,"column":20},"end":{"line":91,"column":46}},"34":{"start":{"line":93,"column":4},"end":{"line":97,"column":5}},"35":{"start":{"line":94,"column":8},"end":{"line":96,"column":null}},"36":{"start":{"line":99,"column":4},"end":{"line":99,"column":null}},"37":{"start":{"line":100,"column":4},"end":{"line":100,"column":null}},"38":{"start":{"line":103,"column":4},"end":{"line":103,"column":null}},"39":{"start":{"line":89,"column":13},"end":{"line":89,"column":34}},"40":{"start":{"line":106,"column":29},"end":{"line":118,"column":1}},"41":{"start":{"line":107,"column":18},"end":{"line":107,"column":28}},"42":{"start":{"line":108,"column":20},"end":{"line":108,"column":46}},"43":{"start":{"line":110,"column":4},"end":{"line":114,"column":5}},"44":{"start":{"line":111,"column":8},"end":{"line":113,"column":null}},"45":{"start":{"line":116,"column":4},"end":{"line":116,"column":null}},"46":{"start":{"line":117,"column":4},"end":{"line":117,"column":null}},"47":{"start":{"line":106,"column":13},"end":{"line":106,"column":29}}},"fnMap":{"0":{"name":"(anonymous_1)","decl":{"start":{"line":4,"column":29},"end":{"line":4,"column":34}},"loc":{"start":{"line":4,"column":69},"end":{"line":27,"column":1}}},"1":{"name":"(anonymous_2)","decl":{"start":{"line":29,"column":27},"end":{"line":29,"column":32}},"loc":{"start":{"line":29,"column":66},"end":{"line":44,"column":1}}},"2":{"name":"(anonymous_3)","decl":{"start":{"line":47,"column":30},"end":{"line":47,"column":35}},"loc":{"start":{"line":47,"column":69},"end":{"line":63,"column":1}}},"3":{"name":"(anonymous_4)","decl":{"start":{"line":67,"column":32},"end":{"line":67,"column":37}},"loc":{"start":{"line":67,"column":71},"end":{"line":86,"column":1}}},"4":{"name":"(anonymous_5)","decl":{"start":{"line":89,"column":34},"end":{"line":89,"column":39}},"loc":{"start":{"line":89,"column":73},"end":{"line":104,"column":1}}},"5":{"name":"(anonymous_6)","decl":{"start":{"line":106,"column":29},"end":{"line":106,"column":34}},"loc":{"start":{"line":106,"column":68},"end":{"line":118,"column":1}}}},"branchMap":{"0":{"loc":{"start":{"line":53,"column":8},"end":{"line":57,"column":9}},"type":"if","locations":[{"start":{"line":53,"column":8},"end":{"line":57,"column":9}},{"start":{},"end":{}}]},"1":{"loc":{"start":{"line":72,"column":4},"end":{"line":76,"column":5}},"type":"if","locations":[{"start":{"line":72,"column":4},"end":{"line":76,"column":5}},{"start":{},"end":{}}]},"2":{"loc":{"start":{"line":93,"column":4},"end":{"line":97,"column":5}},"type":"if","locations":[{"start":{"line":93,"column":4},"end":{"line":97,"column":5}},{"start":{},"end":{}}]},"3":{"loc":{"start":{"line":110,"column":4},"end":{"line":114,"column":5}},"type":"if","locations":[{"start":{"line":110,"column":4},"end":{"line":114,"column":5}},{"start":{},"end":{}}]}},"s":{"0":2,"1":2,"2":1,"3":1,"4":1,"5":0,"6":2,"7":2,"8":2,"9":2,"10":2,"11":0,"12":2,"13":2,"14":1,"15":1,"16":1,"17":1,"18":1,"19":0,"20":0,"21":2,"22":2,"23":1,"24":1,"25":1,"26":0,"27":1,"28":1,"29":1,"30":2,"31":2,"32":0,"33":0,"34":0,"35":0,"36":0,"37":0,"38":0,"39":2,"40":2,"41":2,"42":2,"43":2,"44":1,"45":1,"46":1,"47":2},"f":{"0":1,"1":2,"2":1,"3":1,"4":0,"5":2},"b":{"0":[1,0],"1":[0,1],"2":[0,0],"3":[1,1]}}
,"C:\\Users\\maxi1\\Escritorio\\react_api_node_ts_server\\src\\middleware\\index.ts": {"path":"C:\\Users\\maxi1\\Escritorio\\react_api_node_ts_server\\src\\middleware\\index.ts","statementMap":{"0":{"start":{"line":2,"column":0},"end":{"line":2,"column":52}},"1":{"start":{"line":4,"column":33},"end":{"line":13,"column":1}},"2":{"start":{"line":6,"column":17},"end":{"line":6,"column":38}},"3":{"start":{"line":8,"column":4},"end":{"line":10,"column":5}},"4":{"start":{"line":9,"column":8},"end":{"line":9,"column":null}},"5":{"start":{"line":12,"column":4},"end":{"line":12,"column":11}},"6":{"start":{"line":4,"column":13},"end":{"line":4,"column":33}}},"fnMap":{"0":{"name":"(anonymous_0)","decl":{"start":{"line":4,"column":33},"end":{"line":4,"column":34}},"loc":{"start":{"line":4,"column":87},"end":{"line":13,"column":1}}}},"branchMap":{"0":{"loc":{"start":{"line":8,"column":4},"end":{"line":10,"column":5}},"type":"if","locations":[{"start":{"line":8,"column":4},"end":{"line":10,"column":5}},{"start":{},"end":{}}]}},"s":{"0":2,"1":2,"2":13,"3":13,"4":8,"5":5,"6":2},"f":{"0":13},"b":{"0":[8,5]}}
,"C:\\Users\\maxi1\\Escritorio\\react_api_node_ts_server\\src\\models\\Product.model.ts": {"path":"C:\\Users\\maxi1\\Escritorio\\react_api_node_ts_server\\src\\models\\Product.model.ts","statementMap":{"0":{"start":{"line":1,"column":0},"end":{"line":1,"column":79}},"1":{"start":{"line":5,"column":0},"end":{"line":21,"column":null}},"2":{"start":{"line":9,"column":12},"end":{"line":9,"column":null}},"3":{"start":{"line":14,"column":12},"end":{"line":14,"column":null}},"4":{"start":{"line":20,"column":12},"end":{"line":20,"column":null}},"5":{"start":{"line":5,"column":6},"end":{"line":21,"column":null}},"6":{"start":{"line":23,"column":0},"end":{"line":23,"column":null}}},"fnMap":{},"branchMap":{},"s":{"0":2,"1":2,"2":2,"3":2,"4":2,"5":2,"6":2},"f":{},"b":{}}
,"C:\\Users\\maxi1\\Escritorio\\react_api_node_ts_server\\src\\utils\\list-endpoints.ts": {"path":"C:\\Users\\maxi1\\Escritorio\\react_api_node_ts_server\\src\\utils\\list-endpoints.ts","statementMap":{"0":{"start":{"line":4,"column":0},"end":{"line":4,"column":43}},"1":{"start":{"line":5,"column":0},"end":{"line":5,"column":41}},"2":{"start":{"line":7,"column":28},"end":{"line":22,"column":1}},"3":{"start":{"line":8,"column":27},"end":{"line":18,"column":6}},"4":{"start":{"line":20,"column":24},"end":{"line":20,"column":52}},"5":{"start":{"line":21,"column":4},"end":{"line":21,"column":75}},"6":{"start":{"line":7,"column":13},"end":{"line":7,"column":28}}},"fnMap":{"0":{"name":"(anonymous_1)","decl":{"start":{"line":7,"column":28},"end":{"line":7,"column":29}},"loc":{"start":{"line":7,"column":48},"end":{"line":22,"column":1}}}},"branchMap":{},"s":{"0":2,"1":2,"2":2,"3":2,"4":2,"5":2,"6":2},"f":{"0":2},"b":{}}
}
