TN:
SF:src\router.ts
FN:52,(anonymous_0)
FN:105,(anonymous_1)
FNF:2
FNH:2
FNDA:4,(anonymous_0)
FNDA:4,(anonymous_1)
DA:1,2
DA:2,2
DA:3,2
DA:4,2
DA:6,2
DA:18,2
DA:20,2
DA:47,2
DA:52,4
DA:99,2
DA:105,4
DA:143,2
DA:170,2
DA:176,2
LF:14
LH:14
BRF:0
BRH:0
end_of_record
TN:
SF:src\server.ts
FN:7,connectDB
FN:30,(anonymous_2)
FNF:2
FNH:2
FNDA:2,connectDB
FNDA:1,(anonymous_2)
DA:1,2
DA:2,2
DA:3,2
DA:4,2
DA:5,2
DA:9,2
DA:10,2
DA:11,1
DA:14,0
DA:15,0
DA:19,2
DA:22,2
DA:26,2
DA:28,2
DA:30,2
DA:31,1
DA:34,2
DA:36,2
LF:18
LH:16
BRF:0
BRH:0
end_of_record
TN:
SF:src\config\db.ts
FNF:0
FNH:0
DA:1,2
DA:2,2
DA:6,2
DA:8,2
DA:20,2
LF:5
LH:5
BRF:0
BRH:0
end_of_record
TN:
SF:src\handlers\product.ts
FN:4,(anonymous_1)
FN:29,(anonymous_2)
FN:47,(anonymous_3)
FN:67,(anonymous_4)
FN:89,(anonymous_5)
FN:106,(anonymous_6)
FNF:6
FNH:5
FNDA:1,(anonymous_1)
FNDA:2,(anonymous_2)
FNDA:1,(anonymous_3)
FNDA:1,(anonymous_4)
FNDA:0,(anonymous_5)
FNDA:2,(anonymous_6)
DA:2,2
DA:4,2
DA:18,1
DA:19,1
DA:20,1
DA:22,0
DA:29,2
DA:31,2
DA:32,2
DA:39,2
DA:41,0
DA:47,2
DA:49,1
DA:50,1
DA:51,1
DA:53,1
DA:54,1
DA:58,0
DA:60,0
DA:67,2
DA:69,1
DA:70,1
DA:72,1
DA:73,0
DA:82,1
DA:83,1
DA:85,1
DA:89,2
DA:90,0
DA:91,0
DA:93,0
DA:94,0
DA:99,0
DA:100,0
DA:103,0
DA:106,2
DA:107,2
DA:108,2
DA:110,2
DA:111,1
DA:116,1
DA:117,1
LF:42
LH:30
BRDA:53,0,0,1
BRDA:53,0,1,0
BRDA:72,1,0,0
BRDA:72,1,1,1
BRDA:93,2,0,0
BRDA:93,2,1,0
BRDA:110,3,0,1
BRDA:110,3,1,1
BRF:8
BRH:4
end_of_record
TN:
SF:src\middleware\index.ts
FN:4,(anonymous_0)
FNF:1
FNH:1
FNDA:13,(anonymous_0)
DA:2,2
DA:4,2
DA:6,13
DA:8,13
DA:9,8
DA:12,5
LF:6
LH:6
BRDA:8,0,0,8
BRDA:8,0,1,5
BRF:2
BRH:2
end_of_record
TN:
SF:src\models\Product.model.ts
FNF:0
FNH:0
DA:1,2
DA:5,2
DA:9,2
DA:14,2
DA:20,2
DA:23,2
LF:6
LH:6
BRF:0
BRH:0
end_of_record
TN:
SF:src\utils\list-endpoints.ts
FN:7,(anonymous_1)
FNF:1
FNH:1
FNDA:2,(anonymous_1)
DA:4,2
DA:5,2
DA:7,2
DA:8,2
DA:20,2
DA:21,2
LF:6
LH:6
BRF:0
BRH:0
end_of_record
